#
# There is insufficient memory for the Java Runtime Environment to continue.
# Native memory allocation (malloc) failed to allocate 881456 bytes. Error detail: Chunk::new
# Possible reasons:
#   The system is out of physical RAM or swap space
#   This process is running with CompressedOops enabled, and the Java Heap may be blocking the growth of the native heap
# Possible solutions:
#   Reduce memory load on the system
#   Increase physical memory or swap space
#   Check if swap backing store is full
#   Decrease Java heap size (-Xmx/-Xms)
#   Decrease number of Java threads
#   Decrease Java thread stack sizes (-Xss)
#   Set larger code cache with -XX:ReservedCodeCacheSize=
#   JVM is running with Unscaled Compressed Oops mode in which the Java heap is
#     placed in the first 4GB address space. The Java Heap base address is the
#     maximum limit for the native heap growth. Please use -XX:HeapBaseMinAddress
#     to set the Java Heap base and to place the Java Heap above 4GB virtual address.
# This output file may be truncated or incomplete.
#
#  Out of Memory Error (arena.cpp:191), pid=14924, tid=8124
#
# JRE version: OpenJDK Runtime Environment Temurin-17.0.11+9 (17.0.11+9) (build 17.0.11+9)
# Java VM: OpenJDK 64-Bit Server VM Temurin-17.0.11+9 (17.0.11+9, mixed mode, tiered, compressed oops, compressed class ptrs, parallel gc, windows-amd64)
# No core dump will be written. Minidumps are not enabled by default on client versions of Windows
#

---------------  S U M M A R Y ------------

Command Line: --add-modules=ALL-SYSTEM --add-opens=java.base/java.util=ALL-UNNAMED --add-opens=java.base/java.lang=ALL-UNNAMED --add-opens=java.base/sun.nio.fs=ALL-UNNAMED -Declipse.application=org.eclipse.jdt.ls.core.id1 -Dosgi.bundles.defaultStartLevel=4 -Declipse.product=org.eclipse.jdt.ls.core.product -Djava.import.generatesMetadataFilesAtProjectRoot=false -DDetectVMInstallationsJob.disabled=true -Dfile.encoding=utf8 -XX:+UseParallelGC -XX:GCTimeRatio=4 -XX:AdaptiveSizePolicyWeight=90 -Dsun.zip.disableMemoryMapping=true -Xmx1G -Xms100m -Xlog:disable -javaagent:c:\Users\Dell\.vscode\extensions\redhat.java-1.32.0-win32-x64\lombok\lombok-1.18.33.jar -XX:+HeapDumpOnOutOfMemoryError -XX:HeapDumpPath=c:\Users\Dell\AppData\Roaming\Code\User\workspaceStorage\8372c2be514e866eea72c55571d25e5b\redhat.java -Daether.dependencyCollector.impl=bf c:\Users\Dell\.vscode\extensions\redhat.java-1.32.0-win32-x64\server\plugins\org.eclipse.equinox.launcher_1.6.900.v20240613-2009.jar -configuration c:\Users\Dell\AppData\Roaming\Code\User\globalStorage\redhat.java\1.32.0\config_win -data c:\Users\Dell\AppData\Roaming\Code\User\workspaceStorage\8372c2be514e866eea72c55571d25e5b\redhat.java\jdt_ws --pipe=\\.\pipe\lsp-394bda51db40bc8a85e3e53e8cdca0f0-sock

Host: Intel(R) Core(TM) i5-8265U CPU @ 1.60GHz, 8 cores, 7G,  Windows 11 , 64 bit Build 22000 (10.0.22000.2538)
Time: Sat Jul 20 14:56:38 2024 India Standard Time elapsed time: 8.630856 seconds (0d 0h 0m 8s)

---------------  T H R E A D  ---------------

Current thread (0x000001dd96063f50):  JavaThread "C2 CompilerThread0" daemon [_thread_in_native, id=8124, stack(0x00000034ed800000,0x00000034ed900000)]


Current CompileTask:
C2:   8630 3856   !   4       org.eclipse.osgi.internal.loader.classpath.ClasspathManager::findClassImpl (308 bytes)

Stack: [0x00000034ed800000,0x00000034ed900000]
Native frames: (J=compiled Java code, j=interpreted, Vv=VM code, C=native code)
V  [jvm.dll+0x67d429]
V  [jvm.dll+0x834b7a]
V  [jvm.dll+0x83663e]
V  [jvm.dll+0x836ca3]
V  [jvm.dll+0x247dbf]
V  [jvm.dll+0xac534]
V  [jvm.dll+0xacb7c]
V  [jvm.dll+0x2af2cf]
V  [jvm.dll+0x5848b7]
V  [jvm.dll+0x222d82]
V  [jvm.dll+0x22317f]
V  [jvm.dll+0x21c2a0]
V  [jvm.dll+0x2197a1]
V  [jvm.dll+0x1a534d]
V  [jvm.dll+0x2295cd]
V  [jvm.dll+0x22779c]
V  [jvm.dll+0x7e9d07]
V  [jvm.dll+0x7e410a]
V  [jvm.dll+0x67c315]
C  [ucrtbase.dll+0x26c0c]
C  [KERNEL32.DLL+0x153e0]
C  [ntdll.dll+0x485b]


---------------  P R O C E S S  ---------------

Threads class SMR info:
_java_thread_list=0x000001dd998d3b80, length=26, elements={
0x000001ddfce60760, 0x000001ddffcf1d20, 0x000001ddffcf28b0, 0x000001dd9603aa00,
0x000001dd96061040, 0x000001dd96062a80, 0x000001dd96063350, 0x000001dd96063f50,
0x000001dd96065db0, 0x000001dd96068e70, 0x000001dd961b3650, 0x000001dd963b73f0,
0x000001dd97ac1030, 0x000001dd97a32860, 0x000001dd97e17e80, 0x000001dd97e3b820,
0x000001dd9842f150, 0x000001dd9837ab40, 0x000001dd97eb8bd0, 0x000001dd97eb90e0,
0x000001dd97eb9b00, 0x000001dd97ec0340, 0x000001dd97eb81b0, 0x000001dd97eb95f0,
0x000001dd97eba010, 0x000001dd97eb6d70
}

Java Threads: ( => current thread )
  0x000001ddfce60760 JavaThread "main" [_thread_blocked, id=5588, stack(0x00000034ecf00000,0x00000034ed000000)]
  0x000001ddffcf1d20 JavaThread "Reference Handler" daemon [_thread_blocked, id=9200, stack(0x00000034ed200000,0x00000034ed300000)]
  0x000001ddffcf28b0 JavaThread "Finalizer" daemon [_thread_blocked, id=14152, stack(0x00000034ed300000,0x00000034ed400000)]
  0x000001dd9603aa00 JavaThread "Signal Dispatcher" daemon [_thread_blocked, id=4348, stack(0x00000034ed400000,0x00000034ed500000)]
  0x000001dd96061040 JavaThread "Attach Listener" daemon [_thread_blocked, id=5656, stack(0x00000034ed500000,0x00000034ed600000)]
  0x000001dd96062a80 JavaThread "Service Thread" daemon [_thread_blocked, id=1100, stack(0x00000034ed600000,0x00000034ed700000)]
  0x000001dd96063350 JavaThread "Monitor Deflation Thread" daemon [_thread_blocked, id=2116, stack(0x00000034ed700000,0x00000034ed800000)]
=>0x000001dd96063f50 JavaThread "C2 CompilerThread0" daemon [_thread_in_native, id=8124, stack(0x00000034ed800000,0x00000034ed900000)]
  0x000001dd96065db0 JavaThread "C1 CompilerThread0" daemon [_thread_blocked, id=17772, stack(0x00000034ed900000,0x00000034eda00000)]
  0x000001dd96068e70 JavaThread "Sweeper thread" daemon [_thread_blocked, id=10252, stack(0x00000034eda00000,0x00000034edb00000)]
  0x000001dd961b3650 JavaThread "Common-Cleaner" daemon [_thread_blocked, id=5064, stack(0x00000034edb00000,0x00000034edc00000)]
  0x000001dd963b73f0 JavaThread "Notification Thread" daemon [_thread_blocked, id=13496, stack(0x00000034edd00000,0x00000034ede00000)]
  0x000001dd97ac1030 JavaThread "Active Thread: Equinox Container: 725a2e12-a120-461d-a51c-f0d350ae85e8" [_thread_blocked, id=15944, stack(0x00000034ee500000,0x00000034ee600000)]
  0x000001dd97a32860 JavaThread "Framework Event Dispatcher: Equinox Container: 725a2e12-a120-461d-a51c-f0d350ae85e8" daemon [_thread_blocked, id=13984, stack(0x00000034ee700000,0x00000034ee800000)]
  0x000001dd97e17e80 JavaThread "Start Level: Equinox Container: 725a2e12-a120-461d-a51c-f0d350ae85e8" daemon [_thread_in_Java, id=8868, stack(0x00000034ee800000,0x00000034ee900000)]
  0x000001dd97e3b820 JavaThread "Bundle File Closer" daemon [_thread_blocked, id=13756, stack(0x00000034ee600000,0x00000034ee700000)]
  0x000001dd9842f150 JavaThread "SCR Component Actor" daemon [_thread_blocked, id=14632, stack(0x00000034eea00000,0x00000034eeb00000)]
  0x000001dd9837ab40 JavaThread "SCR Component Registry" daemon [_thread_blocked, id=10616, stack(0x00000034ee400000,0x00000034ee500000)]
  0x000001dd97eb8bd0 JavaThread "Worker-JM" [_thread_blocked, id=3604, stack(0x00000034eec00000,0x00000034eed00000)]
  0x000001dd97eb90e0 JavaThread "Worker-0: Repository registry initialization" [_thread_in_native, id=15404, stack(0x00000034eed00000,0x00000034eee00000)]
  0x000001dd97eb9b00 JavaThread "Worker-1: Updating Maven Dependencies" [_thread_blocked, id=6784, stack(0x00000034eee00000,0x00000034eef00000)]
  0x000001dd97ec0340 JavaThread "C2 CompilerThread1" daemon [_thread_in_native, id=14464, stack(0x00000034eeb00000,0x00000034eec00000)]
  0x000001dd97eb81b0 JavaThread "Java indexing" daemon [_thread_blocked, id=8972, stack(0x00000034eef00000,0x00000034ef000000)]
  0x000001dd97eb95f0 JavaThread "Worker-2" [_thread_blocked, id=1372, stack(0x00000034ef000000,0x00000034ef100000)]
  0x000001dd97eba010 JavaThread "Worker-3" [_thread_blocked, id=17248, stack(0x00000034ef100000,0x00000034ef200000)]
  0x000001dd97eb6d70 JavaThread "JNA Cleaner" daemon [_thread_blocked, id=12100, stack(0x00000034ef200000,0x00000034ef300000)]

Other Threads:
  0x000001ddfcf1e8a0 VMThread "VM Thread" [stack: 0x00000034ed100000,0x00000034ed200000] [id=18224]
  0x000001dd963b48e0 WatcherThread [stack: 0x00000034ede00000,0x00000034edf00000] [id=5624]
  0x000001ddfce76f20 GCTaskThread "GC Thread#0" [stack: 0x00000034ed000000,0x00000034ed100000] [id=10920]
  0x000001dd96227220 GCTaskThread "GC Thread#1" [stack: 0x00000034edc00000,0x00000034edd00000] [id=17520]
  0x000001dd9761e690 GCTaskThread "GC Thread#2" [stack: 0x00000034edf00000,0x00000034ee000000] [id=8248]
  0x000001dd9779c1e0 GCTaskThread "GC Thread#3" [stack: 0x00000034ee000000,0x00000034ee100000] [id=6904]
  0x000001dd9721f0b0 GCTaskThread "GC Thread#4" [stack: 0x00000034ee100000,0x00000034ee200000] [id=7372]
  0x000001dd97b43880 GCTaskThread "GC Thread#5" [stack: 0x00000034ee200000,0x00000034ee300000] [id=7248]
  0x000001dd97b43b40 GCTaskThread "GC Thread#6" [stack: 0x00000034ee300000,0x00000034ee400000] [id=11232]
  0x000001dd97e18cf0 GCTaskThread "GC Thread#7" [stack: 0x00000034ee900000,0x00000034eea00000] [id=12072]

Threads with active compile tasks:
C2 CompilerThread0     8669 3856   !   4       org.eclipse.osgi.internal.loader.classpath.ClasspathManager::findClassImpl (308 bytes)
C1 CompilerThread0     8669 4035       3       org.eclipse.osgi.container.Module::isLazyActivate (42 bytes)
C2 CompilerThread1     8669 3985       4       org.eclipse.osgi.internal.serviceregistry.ServiceRegistry::notifyHooksPrivileged (58 bytes)

VM state: not at safepoint (normal execution)

VM Mutex/Monitor currently owned by a thread: None

Heap address: 0x00000000c0000000, size: 1024 MB, Compressed Oops mode: 32-bit

CDS archive(s) not mapped
Compressed class space mapped at: 0x0000000100000000-0x0000000140000000, reserved size: 1073741824
Narrow klass base: 0x0000000000000000, Narrow klass shift: 3, Narrow klass range: 0x140000000

GC Precious Log:
 CPUs: 8 total, 8 available
 Memory: 8064M
 Large Page Support: Disabled
 NUMA Support: Disabled
 Compressed Oops: Enabled (32-bit)
 Alignments: Space 512K, Generation 512K, Heap 2M
 Heap Min Capacity: 100M
 Heap Initial Capacity: 100M
 Heap Max Capacity: 1G
 Pre-touch: Disabled
 Parallel Workers: 8

Heap:
 PSYoungGen      total 25600K, used 22280K [0x00000000eab00000, 0x00000000ec800000, 0x0000000100000000)
  eden space 23040K, 96% used [0x00000000eab00000,0x00000000ec0c2008,0x00000000ec180000)
  from space 2560K, 0% used [0x00000000ec400000,0x00000000ec400000,0x00000000ec680000)
  to   space 1024K, 0% used [0x00000000ec700000,0x00000000ec700000,0x00000000ec800000)
 ParOldGen       total 68608K, used 14774K [0x00000000c0000000, 0x00000000c4300000, 0x00000000eab00000)
  object space 68608K, 21% used [0x00000000c0000000,0x00000000c0e6db48,0x00000000c4300000)
 Metaspace       used 38366K, committed 39232K, reserved 1114112K
  class space    used 3870K, committed 4224K, reserved 1048576K

Card table byte_map: [0x000001ddfc830000,0x000001ddfca40000] _byte_map_base: 0x000001ddfc230000

Marking Bits: (ParMarkBitMap*) 0x00007ff8ca5dd820
 Begin Bits: [0x000001dd8f000000, 0x000001dd90000000)
 End Bits:   [0x000001dd90000000, 0x000001dd91000000)

Polling page: 0x000001ddfc620000

Metaspace:

Usage:
  Non-class:     33.69 MB used.
      Class:      3.78 MB used.
       Both:     37.47 MB used.

Virtual space:
  Non-class space:       64.00 MB reserved,      34.19 MB ( 53%) committed,  1 nodes.
      Class space:        1.00 GB reserved,       4.12 MB ( <1%) committed,  1 nodes.
             Both:        1.06 GB reserved,      38.31 MB (  4%) committed. 

Chunk freelists:
   Non-Class:  13.85 MB
       Class:  11.76 MB
        Both:  25.61 MB

MaxMetaspaceSize: unlimited
CompressedClassSpaceSize: 1.00 GB
Initial GC threshold: 21.00 MB
Current GC threshold: 58.38 MB
CDS: off
MetaspaceReclaimPolicy: balanced
 - commit_granule_bytes: 65536.
 - commit_granule_words: 8192.
 - virtual_space_node_default_size: 8388608.
 - enlarge_chunks_in_place: 1.
 - new_chunks_are_fully_committed: 0.
 - uncommit_free_chunks: 1.
 - use_allocation_guard: 0.
 - handle_deallocations: 1.


Internal statistics:

num_allocs_failed_limit: 6.
num_arena_births: 482.
num_arena_deaths: 34.
num_vsnodes_births: 2.
num_vsnodes_deaths: 0.
num_space_committed: 613.
num_space_uncommitted: 0.
num_chunks_returned_to_freelist: 49.
num_chunks_taken_from_freelist: 1750.
num_chunk_merges: 11.
num_chunk_splits: 1099.
num_chunks_enlarged: 710.
num_inconsistent_stats: 0.

CodeHeap 'non-profiled nmethods': size=120000Kb used=1848Kb max_used=1848Kb free=118151Kb
 bounds [0x000001dd87ad0000, 0x000001dd87d40000, 0x000001dd8f000000]
CodeHeap 'profiled nmethods': size=120000Kb used=8625Kb max_used=8625Kb free=111374Kb
 bounds [0x000001dd80000000, 0x000001dd80870000, 0x000001dd87530000]
CodeHeap 'non-nmethods': size=5760Kb used=1274Kb max_used=1315Kb free=4485Kb
 bounds [0x000001dd87530000, 0x000001dd877a0000, 0x000001dd87ad0000]
 total_blobs=4624 nmethods=4029 adapters=509
 compilation: enabled
              stopped_count=0, restarted_count=0
 full_count=0

Compilation events (20 events):
Event: 8.426 Thread 0x000001dd96065db0 nmethod 3972 0x000001dd80847890 code [0x000001dd80847a40, 0x000001dd80847c08]
Event: 8.426 Thread 0x000001dd96065db0 3973       3       java.io.FileDescriptor$1::getAppend (5 bytes)
Event: 8.427 Thread 0x000001dd96065db0 nmethod 3973 0x000001dd80847d10 code [0x000001dd80847ea0, 0x000001dd80847fb8]
Event: 8.455 Thread 0x000001dd97ec0340 3974       4       java.util.ArrayList::fastRemove (44 bytes)
Event: 8.456 Thread 0x000001dd96065db0 3976       3       jdk.internal.org.objectweb.asm.MethodVisitor::visitVarInsn (17 bytes)
Event: 8.456 Thread 0x000001dd96065db0 nmethod 3976 0x000001dd80848090 code [0x000001dd80848240, 0x000001dd80848448]
Event: 8.458 Thread 0x000001dd97ec0340 nmethod 3974 0x000001dd87c98610 code [0x000001dd87c98780, 0x000001dd87c98918]
Event: 8.494 Thread 0x000001dd96065db0 3977       1       java.util.logging.LogManager$LoggerContext::getOwner (5 bytes)
Event: 8.495 Thread 0x000001dd96065db0 nmethod 3977 0x000001dd87c98a10 code [0x000001dd87c98ba0, 0x000001dd87c98c78]
Event: 8.513 Thread 0x000001dd96065db0 3978       3       java.lang.Module::isStaticallyExportedOrOpen (70 bytes)
Event: 8.514 Thread 0x000001dd96065db0 nmethod 3978 0x000001dd80848510 code [0x000001dd80848720, 0x000001dd80848dd8]
Event: 8.514 Thread 0x000001dd96065db0 3979       3       java.lang.invoke.InnerClassLambdaMetafactory::getLoadOpcode (26 bytes)
Event: 8.514 Thread 0x000001dd96065db0 nmethod 3979 0x000001dd80848f90 code [0x000001dd80849140, 0x000001dd80849358]
Event: 8.514 Thread 0x000001dd96065db0 3980       3       java.lang.invoke.InnerClassLambdaMetafactory::getParameterSize (27 bytes)
Event: 8.514 Thread 0x000001dd96065db0 nmethod 3980 0x000001dd80849410 code [0x000001dd808495c0, 0x000001dd808497d8]
Event: 8.516 Thread 0x000001dd97ec0340 3981       4       java.lang.Integer::toUnsignedString0 (76 bytes)
Event: 8.526 Thread 0x000001dd97ec0340 nmethod 3981 0x000001dd87c98d10 code [0x000001dd87c98ea0, 0x000001dd87c99378]
Event: 8.528 Thread 0x000001dd97ec0340 3982       4       java.util.LinkedList$ListItr::hasNext (20 bytes)
Event: 8.529 Thread 0x000001dd97ec0340 nmethod 3982 0x000001dd87c99590 code [0x000001dd87c99700, 0x000001dd87c99798]
Event: 8.534 Thread 0x000001dd97ec0340 3983   !   4       org.eclipse.osgi.internal.serviceregistry.ServiceRegistry::lookupServiceRegistrations (215 bytes)

GC Heap History (20 events):
Event: 5.049 GC heap before
{Heap before GC invocations=4 (full 0):
 PSYoungGen      total 29696K, used 29686K [0x00000000eab00000, 0x00000000ecc00000, 0x0000000100000000)
  eden space 25600K, 100% used [0x00000000eab00000,0x00000000ec400000,0x00000000ec400000)
  from space 4096K, 99% used [0x00000000ec400000,0x00000000ec7fd9e0,0x00000000ec800000)
  to   space 4096K, 0% used [0x00000000ec800000,0x00000000ec800000,0x00000000ecc00000)
 ParOldGen       total 68608K, used 5291K [0x00000000c0000000, 0x00000000c4300000, 0x00000000eab00000)
  object space 68608K, 7% used [0x00000000c0000000,0x00000000c052ad00,0x00000000c4300000)
 Metaspace       used 19576K, committed 19904K, reserved 1114112K
  class space    used 1976K, committed 2112K, reserved 1048576K
}
Event: 5.057 GC heap after
{Heap after GC invocations=4 (full 0):
 PSYoungGen      total 29696K, used 4065K [0x00000000eab00000, 0x00000000ecc00000, 0x0000000100000000)
  eden space 25600K, 0% used [0x00000000eab00000,0x00000000eab00000,0x00000000ec400000)
  from space 4096K, 99% used [0x00000000ec800000,0x00000000ecbf86c8,0x00000000ecc00000)
  to   space 4096K, 0% used [0x00000000ec400000,0x00000000ec400000,0x00000000ec800000)
 ParOldGen       total 68608K, used 6459K [0x00000000c0000000, 0x00000000c4300000, 0x00000000eab00000)
  object space 68608K, 9% used [0x00000000c0000000,0x00000000c064ee88,0x00000000c4300000)
 Metaspace       used 19576K, committed 19904K, reserved 1114112K
  class space    used 1976K, committed 2112K, reserved 1048576K
}
Event: 5.310 GC heap before
{Heap before GC invocations=5 (full 0):
 PSYoungGen      total 29696K, used 11895K [0x00000000eab00000, 0x00000000ecc00000, 0x0000000100000000)
  eden space 25600K, 30% used [0x00000000eab00000,0x00000000eb2a5610,0x00000000ec400000)
  from space 4096K, 99% used [0x00000000ec800000,0x00000000ecbf86c8,0x00000000ecc00000)
  to   space 4096K, 0% used [0x00000000ec400000,0x00000000ec400000,0x00000000ec800000)
 ParOldGen       total 68608K, used 6459K [0x00000000c0000000, 0x00000000c4300000, 0x00000000eab00000)
  object space 68608K, 9% used [0x00000000c0000000,0x00000000c064ee88,0x00000000c4300000)
 Metaspace       used 21059K, committed 21504K, reserved 1114112K
  class space    used 2110K, committed 2304K, reserved 1048576K
}
Event: 5.316 GC heap after
{Heap after GC invocations=5 (full 0):
 PSYoungGen      total 29696K, used 4069K [0x00000000eab00000, 0x00000000ece00000, 0x0000000100000000)
  eden space 25600K, 0% used [0x00000000eab00000,0x00000000eab00000,0x00000000ec400000)
  from space 4096K, 99% used [0x00000000ec400000,0x00000000ec7f9430,0x00000000ec800000)
  to   space 5120K, 0% used [0x00000000ec900000,0x00000000ec900000,0x00000000ece00000)
 ParOldGen       total 68608K, used 6722K [0x00000000c0000000, 0x00000000c4300000, 0x00000000eab00000)
  object space 68608K, 9% used [0x00000000c0000000,0x00000000c0690a00,0x00000000c4300000)
 Metaspace       used 21059K, committed 21504K, reserved 1114112K
  class space    used 2110K, committed 2304K, reserved 1048576K
}
Event: 5.316 GC heap before
{Heap before GC invocations=6 (full 1):
 PSYoungGen      total 29696K, used 4069K [0x00000000eab00000, 0x00000000ece00000, 0x0000000100000000)
  eden space 25600K, 0% used [0x00000000eab00000,0x00000000eab00000,0x00000000ec400000)
  from space 4096K, 99% used [0x00000000ec400000,0x00000000ec7f9430,0x00000000ec800000)
  to   space 5120K, 0% used [0x00000000ec900000,0x00000000ec900000,0x00000000ece00000)
 ParOldGen       total 68608K, used 6722K [0x00000000c0000000, 0x00000000c4300000, 0x00000000eab00000)
  object space 68608K, 9% used [0x00000000c0000000,0x00000000c0690a00,0x00000000c4300000)
 Metaspace       used 21059K, committed 21504K, reserved 1114112K
  class space    used 2110K, committed 2304K, reserved 1048576K
}
Event: 5.356 GC heap after
{Heap after GC invocations=6 (full 1):
 PSYoungGen      total 29696K, used 0K [0x00000000eab00000, 0x00000000ece00000, 0x0000000100000000)
  eden space 25600K, 0% used [0x00000000eab00000,0x00000000eab00000,0x00000000ec400000)
  from space 4096K, 0% used [0x00000000ec400000,0x00000000ec400000,0x00000000ec800000)
  to   space 5120K, 0% used [0x00000000ec900000,0x00000000ec900000,0x00000000ece00000)
 ParOldGen       total 68608K, used 10461K [0x00000000c0000000, 0x00000000c4300000, 0x00000000eab00000)
  object space 68608K, 15% used [0x00000000c0000000,0x00000000c0a37430,0x00000000c4300000)
 Metaspace       used 21059K, committed 21504K, reserved 1114112K
  class space    used 2110K, committed 2304K, reserved 1048576K
}
Event: 6.258 GC heap before
{Heap before GC invocations=7 (full 1):
 PSYoungGen      total 29696K, used 25600K [0x00000000eab00000, 0x00000000ece00000, 0x0000000100000000)
  eden space 25600K, 100% used [0x00000000eab00000,0x00000000ec400000,0x00000000ec400000)
  from space 4096K, 0% used [0x00000000ec400000,0x00000000ec400000,0x00000000ec800000)
  to   space 5120K, 0% used [0x00000000ec900000,0x00000000ec900000,0x00000000ece00000)
 ParOldGen       total 68608K, used 10461K [0x00000000c0000000, 0x00000000c4300000, 0x00000000eab00000)
  object space 68608K, 15% used [0x00000000c0000000,0x00000000c0a37430,0x00000000c4300000)
 Metaspace       used 24432K, committed 25024K, reserved 1114112K
  class space    used 2470K, committed 2752K, reserved 1048576K
}
Event: 6.261 GC heap after
{Heap after GC invocations=7 (full 1):
 PSYoungGen      total 26112K, used 880K [0x00000000eab00000, 0x00000000eca00000, 0x0000000100000000)
  eden space 25088K, 0% used [0x00000000eab00000,0x00000000eab00000,0x00000000ec380000)
  from space 1024K, 86% used [0x00000000ec900000,0x00000000ec9dc290,0x00000000eca00000)
  to   space 2560K, 0% used [0x00000000ec500000,0x00000000ec500000,0x00000000ec780000)
 ParOldGen       total 68608K, used 10469K [0x00000000c0000000, 0x00000000c4300000, 0x00000000eab00000)
  object space 68608K, 15% used [0x00000000c0000000,0x00000000c0a39430,0x00000000c4300000)
 Metaspace       used 24432K, committed 25024K, reserved 1114112K
  class space    used 2470K, committed 2752K, reserved 1048576K
}
Event: 6.786 GC heap before
{Heap before GC invocations=8 (full 1):
 PSYoungGen      total 26112K, used 25915K [0x00000000eab00000, 0x00000000eca00000, 0x0000000100000000)
  eden space 25088K, 99% used [0x00000000eab00000,0x00000000ec372ca8,0x00000000ec380000)
  from space 1024K, 86% used [0x00000000ec900000,0x00000000ec9dc290,0x00000000eca00000)
  to   space 2560K, 0% used [0x00000000ec500000,0x00000000ec500000,0x00000000ec780000)
 ParOldGen       total 68608K, used 10469K [0x00000000c0000000, 0x00000000c4300000, 0x00000000eab00000)
  object space 68608K, 15% used [0x00000000c0000000,0x00000000c0a39430,0x00000000c4300000)
 Metaspace       used 27298K, committed 27840K, reserved 1114112K
  class space    used 2789K, committed 3008K, reserved 1048576K
}
Event: 6.790 GC heap after
{Heap after GC invocations=8 (full 1):
 PSYoungGen      total 27136K, used 2552K [0x00000000eab00000, 0x00000000ecb00000, 0x0000000100000000)
  eden space 24576K, 0% used [0x00000000eab00000,0x00000000eab00000,0x00000000ec300000)
  from space 2560K, 99% used [0x00000000ec500000,0x00000000ec77e288,0x00000000ec780000)
  to   space 3584K, 0% used [0x00000000ec780000,0x00000000ec780000,0x00000000ecb00000)
 ParOldGen       total 68608K, used 11089K [0x00000000c0000000, 0x00000000c4300000, 0x00000000eab00000)
  object space 68608K, 16% used [0x00000000c0000000,0x00000000c0ad4728,0x00000000c4300000)
 Metaspace       used 27298K, committed 27840K, reserved 1114112K
  class space    used 2789K, committed 3008K, reserved 1048576K
}
Event: 7.123 GC heap before
{Heap before GC invocations=9 (full 1):
 PSYoungGen      total 27136K, used 27128K [0x00000000eab00000, 0x00000000ecb00000, 0x0000000100000000)
  eden space 24576K, 100% used [0x00000000eab00000,0x00000000ec300000,0x00000000ec300000)
  from space 2560K, 99% used [0x00000000ec500000,0x00000000ec77e288,0x00000000ec780000)
  to   space 3584K, 0% used [0x00000000ec780000,0x00000000ec780000,0x00000000ecb00000)
 ParOldGen       total 68608K, used 11089K [0x00000000c0000000, 0x00000000c4300000, 0x00000000eab00000)
  object space 68608K, 16% used [0x00000000c0000000,0x00000000c0ad4728,0x00000000c4300000)
 Metaspace       used 29851K, committed 30528K, reserved 1114112K
  class space    used 2938K, committed 3200K, reserved 1048576K
}
Event: 7.125 GC heap after
{Heap after GC invocations=9 (full 1):
 PSYoungGen      total 27136K, used 2709K [0x00000000eab00000, 0x00000000eca80000, 0x0000000100000000)
  eden space 24064K, 0% used [0x00000000eab00000,0x00000000eab00000,0x00000000ec280000)
  from space 3072K, 88% used [0x00000000ec780000,0x00000000eca25778,0x00000000eca80000)
  to   space 3072K, 0% used [0x00000000ec480000,0x00000000ec480000,0x00000000ec780000)
 ParOldGen       total 68608K, used 11097K [0x00000000c0000000, 0x00000000c4300000, 0x00000000eab00000)
  object space 68608K, 16% used [0x00000000c0000000,0x00000000c0ad6728,0x00000000c4300000)
 Metaspace       used 29851K, committed 30528K, reserved 1114112K
  class space    used 2938K, committed 3200K, reserved 1048576K
}
Event: 7.357 GC heap before
{Heap before GC invocations=10 (full 1):
 PSYoungGen      total 27136K, used 26773K [0x00000000eab00000, 0x00000000eca80000, 0x0000000100000000)
  eden space 24064K, 100% used [0x00000000eab00000,0x00000000ec280000,0x00000000ec280000)
  from space 3072K, 88% used [0x00000000ec780000,0x00000000eca25778,0x00000000eca80000)
  to   space 3072K, 0% used [0x00000000ec480000,0x00000000ec480000,0x00000000ec780000)
 ParOldGen       total 68608K, used 11097K [0x00000000c0000000, 0x00000000c4300000, 0x00000000eab00000)
  object space 68608K, 16% used [0x00000000c0000000,0x00000000c0ad6728,0x00000000c4300000)
 Metaspace       used 32101K, committed 32768K, reserved 1114112K
  class space    used 3118K, committed 3392K, reserved 1048576K
}
Event: 7.361 GC heap after
{Heap after GC invocations=10 (full 1):
 PSYoungGen      total 26624K, used 3071K [0x00000000eab00000, 0x00000000ec900000, 0x0000000100000000)
  eden space 23552K, 0% used [0x00000000eab00000,0x00000000eab00000,0x00000000ec200000)
  from space 3072K, 99% used [0x00000000ec480000,0x00000000ec77ff08,0x00000000ec780000)
  to   space 1536K, 0% used [0x00000000ec780000,0x00000000ec780000,0x00000000ec900000)
 ParOldGen       total 68608K, used 12558K [0x00000000c0000000, 0x00000000c4300000, 0x00000000eab00000)
  object space 68608K, 18% used [0x00000000c0000000,0x00000000c0c43b20,0x00000000c4300000)
 Metaspace       used 32101K, committed 32768K, reserved 1114112K
  class space    used 3118K, committed 3392K, reserved 1048576K
}
Event: 8.033 GC heap before
{Heap before GC invocations=11 (full 1):
 PSYoungGen      total 26624K, used 26623K [0x00000000eab00000, 0x00000000ec900000, 0x0000000100000000)
  eden space 23552K, 100% used [0x00000000eab00000,0x00000000ec200000,0x00000000ec200000)
  from space 3072K, 99% used [0x00000000ec480000,0x00000000ec77ff08,0x00000000ec780000)
  to   space 1536K, 0% used [0x00000000ec780000,0x00000000ec780000,0x00000000ec900000)
 ParOldGen       total 68608K, used 12558K [0x00000000c0000000, 0x00000000c4300000, 0x00000000eab00000)
  object space 68608K, 18% used [0x00000000c0000000,0x00000000c0c43b20,0x00000000c4300000)
 Metaspace       used 34900K, committed 35712K, reserved 1114112K
  class space    used 3412K, committed 3776K, reserved 1048576K
}
Event: 8.037 GC heap after
{Heap after GC invocations=11 (full 1):
 PSYoungGen      total 24576K, used 1470K [0x00000000eab00000, 0x00000000ec900000, 0x0000000100000000)
  eden space 23040K, 0% used [0x00000000eab00000,0x00000000eab00000,0x00000000ec180000)
  from space 1536K, 95% used [0x00000000ec780000,0x00000000ec8ef8a0,0x00000000ec900000)
  to   space 2560K, 0% used [0x00000000ec400000,0x00000000ec400000,0x00000000ec680000)
 ParOldGen       total 68608K, used 15242K [0x00000000c0000000, 0x00000000c4300000, 0x00000000eab00000)
  object space 68608K, 22% used [0x00000000c0000000,0x00000000c0ee2910,0x00000000c4300000)
 Metaspace       used 34900K, committed 35712K, reserved 1114112K
  class space    used 3412K, committed 3776K, reserved 1048576K
}
Event: 8.051 GC heap before
{Heap before GC invocations=12 (full 1):
 PSYoungGen      total 24576K, used 2394K [0x00000000eab00000, 0x00000000ec900000, 0x0000000100000000)
  eden space 23040K, 4% used [0x00000000eab00000,0x00000000eabe6f98,0x00000000ec180000)
  from space 1536K, 95% used [0x00000000ec780000,0x00000000ec8ef8a0,0x00000000ec900000)
  to   space 2560K, 0% used [0x00000000ec400000,0x00000000ec400000,0x00000000ec680000)
 ParOldGen       total 68608K, used 15242K [0x00000000c0000000, 0x00000000c4300000, 0x00000000eab00000)
  object space 68608K, 22% used [0x00000000c0000000,0x00000000c0ee2910,0x00000000c4300000)
 Metaspace       used 35060K, committed 35840K, reserved 1114112K
  class space    used 3424K, committed 3776K, reserved 1048576K
}
Event: 8.053 GC heap after
{Heap after GC invocations=12 (full 1):
 PSYoungGen      total 25600K, used 256K [0x00000000eab00000, 0x00000000ec800000, 0x0000000100000000)
  eden space 23040K, 0% used [0x00000000eab00000,0x00000000eab00000,0x00000000ec180000)
  from space 2560K, 10% used [0x00000000ec400000,0x00000000ec440000,0x00000000ec680000)
  to   space 1024K, 0% used [0x00000000ec700000,0x00000000ec700000,0x00000000ec800000)
 ParOldGen       total 68608K, used 16433K [0x00000000c0000000, 0x00000000c4300000, 0x00000000eab00000)
  object space 68608K, 23% used [0x00000000c0000000,0x00000000c100c4a0,0x00000000c4300000)
 Metaspace       used 35060K, committed 35840K, reserved 1114112K
  class space    used 3424K, committed 3776K, reserved 1048576K
}
Event: 8.053 GC heap before
{Heap before GC invocations=13 (full 2):
 PSYoungGen      total 25600K, used 256K [0x00000000eab00000, 0x00000000ec800000, 0x0000000100000000)
  eden space 23040K, 0% used [0x00000000eab00000,0x00000000eab00000,0x00000000ec180000)
  from space 2560K, 10% used [0x00000000ec400000,0x00000000ec440000,0x00000000ec680000)
  to   space 1024K, 0% used [0x00000000ec700000,0x00000000ec700000,0x00000000ec800000)
 ParOldGen       total 68608K, used 16433K [0x00000000c0000000, 0x00000000c4300000, 0x00000000eab00000)
  object space 68608K, 23% used [0x00000000c0000000,0x00000000c100c4a0,0x00000000c4300000)
 Metaspace       used 35060K, committed 35840K, reserved 1114112K
  class space    used 3424K, committed 3776K, reserved 1048576K
}
Event: 8.103 GC heap after
{Heap after GC invocations=13 (full 2):
 PSYoungGen      total 25600K, used 0K [0x00000000eab00000, 0x00000000ec800000, 0x0000000100000000)
  eden space 23040K, 0% used [0x00000000eab00000,0x00000000eab00000,0x00000000ec180000)
  from space 2560K, 0% used [0x00000000ec400000,0x00000000ec400000,0x00000000ec680000)
  to   space 1024K, 0% used [0x00000000ec700000,0x00000000ec700000,0x00000000ec800000)
 ParOldGen       total 68608K, used 14774K [0x00000000c0000000, 0x00000000c4300000, 0x00000000eab00000)
  object space 68608K, 21% used [0x00000000c0000000,0x00000000c0e6db48,0x00000000c4300000)
 Metaspace       used 35028K, committed 35840K, reserved 1114112K
  class space    used 3416K, committed 3776K, reserved 1048576K
}

Dll operation events (9 events):
Event: 0.010 Loaded shared library c:\Users\Dell\.vscode\extensions\redhat.java-1.32.0-win32-x64\jre\17.0.11-win32-x86_64\bin\java.dll
Event: 0.327 Loaded shared library c:\Users\Dell\.vscode\extensions\redhat.java-1.32.0-win32-x64\jre\17.0.11-win32-x86_64\bin\zip.dll
Event: 0.332 Loaded shared library C:\Users\Dell\.vscode\extensions\redhat.java-1.32.0-win32-x64\jre\17.0.11-win32-x86_64\bin\instrument.dll
Event: 0.354 Loaded shared library C:\Users\Dell\.vscode\extensions\redhat.java-1.32.0-win32-x64\jre\17.0.11-win32-x86_64\bin\net.dll
Event: 0.356 Loaded shared library C:\Users\Dell\.vscode\extensions\redhat.java-1.32.0-win32-x64\jre\17.0.11-win32-x86_64\bin\nio.dll
Event: 0.366 Loaded shared library C:\Users\Dell\.vscode\extensions\redhat.java-1.32.0-win32-x64\jre\17.0.11-win32-x86_64\bin\zip.dll
Event: 0.390 Loaded shared library C:\Users\Dell\.vscode\extensions\redhat.java-1.32.0-win32-x64\jre\17.0.11-win32-x86_64\bin\jimage.dll
Event: 0.483 Loaded shared library c:\Users\Dell\.vscode\extensions\redhat.java-1.32.0-win32-x64\jre\17.0.11-win32-x86_64\bin\verify.dll
Event: 2.954 Loaded shared library C:\Users\Dell\AppData\Roaming\Code\User\globalStorage\redhat.java\1.32.0\config_win\org.eclipse.equinox.launcher\org.eclipse.equinox.launcher.win32.win32.x86_64_1.2.1100.v20240613-2013\eclipse_11903.dll

Deoptimization events (20 events):
Event: 7.857 Thread 0x000001dd97eb90e0 DEOPT PACKING pc=0x000001dd87c55b50 sp=0x00000034eedfe9a0
Event: 7.857 Thread 0x000001dd97eb90e0 DEOPT UNPACKING pc=0x000001dd875866a3 sp=0x00000034eedfe928 mode 2
Event: 7.857 Thread 0x000001dd97eb90e0 Uncommon trap: trap_request=0xffffffde fr.pc=0x000001dd87c55b50 relative=0x00000000000000b0
Event: 7.857 Thread 0x000001dd97eb90e0 Uncommon trap: reason=class_check action=maybe_recompile pc=0x000001dd87c55b50 method=java.lang.Character.codePointAt(Ljava/lang/CharSequence;I)I @ 2 c2
Event: 7.857 Thread 0x000001dd97eb90e0 DEOPT PACKING pc=0x000001dd87c55b50 sp=0x00000034eedfe9a0
Event: 7.857 Thread 0x000001dd97eb90e0 DEOPT UNPACKING pc=0x000001dd875866a3 sp=0x00000034eedfe928 mode 2
Event: 7.857 Thread 0x000001dd97eb90e0 Uncommon trap: trap_request=0xffffffde fr.pc=0x000001dd87c55b50 relative=0x00000000000000b0
Event: 7.857 Thread 0x000001dd97eb90e0 Uncommon trap: reason=class_check action=maybe_recompile pc=0x000001dd87c55b50 method=java.lang.Character.codePointAt(Ljava/lang/CharSequence;I)I @ 2 c2
Event: 7.857 Thread 0x000001dd97eb90e0 DEOPT PACKING pc=0x000001dd87c55b50 sp=0x00000034eedfe9a0
Event: 7.857 Thread 0x000001dd97eb90e0 DEOPT UNPACKING pc=0x000001dd875866a3 sp=0x00000034eedfe928 mode 2
Event: 8.019 Thread 0x000001dd97e17e80 DEOPT PACKING pc=0x000001dd80379b67 sp=0x00000034ee8f8d00
Event: 8.019 Thread 0x000001dd97e17e80 DEOPT UNPACKING pc=0x000001dd87586e43 sp=0x00000034ee8f8280 mode 0
Event: 8.175 Thread 0x000001dd97e17e80 Uncommon trap: trap_request=0xffffff45 fr.pc=0x000001dd87be4f18 relative=0x0000000000000558
Event: 8.175 Thread 0x000001dd97e17e80 Uncommon trap: reason=unstable_if action=reinterpret pc=0x000001dd87be4f18 method=java.util.Properties.getProperty(Ljava/lang/String;)Ljava/lang/String; @ 36 c2
Event: 8.175 Thread 0x000001dd97e17e80 DEOPT PACKING pc=0x000001dd87be4f18 sp=0x00000034ee8fe0e0
Event: 8.175 Thread 0x000001dd97e17e80 DEOPT UNPACKING pc=0x000001dd875866a3 sp=0x00000034ee8fe098 mode 2
Event: 8.417 Thread 0x000001dd97e17e80 Uncommon trap: trap_request=0xffffff45 fr.pc=0x000001dd87b04c18 relative=0x0000000000000718
Event: 8.417 Thread 0x000001dd97e17e80 Uncommon trap: reason=unstable_if action=reinterpret pc=0x000001dd87b04c18 method=java.lang.String.replace(Ljava/lang/CharSequence;Ljava/lang/CharSequence;)Ljava/lang/String; @ 42 c2
Event: 8.417 Thread 0x000001dd97e17e80 DEOPT PACKING pc=0x000001dd87b04c18 sp=0x00000034ee8fb630
Event: 8.417 Thread 0x000001dd97e17e80 DEOPT UNPACKING pc=0x000001dd875866a3 sp=0x00000034ee8fb5c0 mode 2

Classes unloaded (17 events):
Event: 8.062 Thread 0x000001ddfcf1e8a0 Unloading class 0x0000000100388c00 'java/lang/invoke/LambdaForm$MH+0x0000000100388c00'
Event: 8.062 Thread 0x000001ddfcf1e8a0 Unloading class 0x0000000100388800 'java/lang/invoke/LambdaForm$MH+0x0000000100388800'
Event: 8.062 Thread 0x000001ddfcf1e8a0 Unloading class 0x0000000100388000 'java/lang/invoke/LambdaForm$MH+0x0000000100388000'
Event: 8.062 Thread 0x000001ddfcf1e8a0 Unloading class 0x0000000100387400 'java/lang/invoke/LambdaForm$MH+0x0000000100387400'
Event: 8.062 Thread 0x000001ddfcf1e8a0 Unloading class 0x0000000100386c00 'java/lang/invoke/LambdaForm$MH+0x0000000100386c00'
Event: 8.062 Thread 0x000001ddfcf1e8a0 Unloading class 0x0000000100386800 'java/lang/invoke/LambdaForm$MH+0x0000000100386800'
Event: 8.062 Thread 0x000001ddfcf1e8a0 Unloading class 0x0000000100385c00 'java/lang/invoke/LambdaForm$MH+0x0000000100385c00'
Event: 8.062 Thread 0x000001ddfcf1e8a0 Unloading class 0x0000000100385800 'java/lang/invoke/LambdaForm$MH+0x0000000100385800'
Event: 8.062 Thread 0x000001ddfcf1e8a0 Unloading class 0x0000000100385000 'java/lang/invoke/LambdaForm$DMH+0x0000000100385000'
Event: 8.063 Thread 0x000001ddfcf1e8a0 Unloading class 0x0000000100384400 'java/lang/invoke/LambdaForm$MH+0x0000000100384400'
Event: 8.063 Thread 0x000001ddfcf1e8a0 Unloading class 0x000000010024a400 'java/lang/invoke/LambdaForm$MH+0x000000010024a400'
Event: 8.063 Thread 0x000001ddfcf1e8a0 Unloading class 0x000000010024a000 'java/lang/invoke/LambdaForm$MH+0x000000010024a000'
Event: 8.063 Thread 0x000001ddfcf1e8a0 Unloading class 0x0000000100249c00 'java/lang/invoke/LambdaForm$MH+0x0000000100249c00'
Event: 8.063 Thread 0x000001ddfcf1e8a0 Unloading class 0x0000000100249800 'java/lang/invoke/LambdaForm$MH+0x0000000100249800'
Event: 8.063 Thread 0x000001ddfcf1e8a0 Unloading class 0x0000000100249400 'java/lang/invoke/LambdaForm$BMH+0x0000000100249400'
Event: 8.063 Thread 0x000001ddfcf1e8a0 Unloading class 0x0000000100249000 'java/lang/invoke/LambdaForm$DMH+0x0000000100249000'
Event: 8.063 Thread 0x000001ddfcf1e8a0 Unloading class 0x0000000100244400 'java/lang/invoke/LambdaForm$DMH+0x0000000100244400'

Classes redefined (0 events):
No events

Internal exceptions (20 events):
Event: 7.777 Thread 0x000001dd97eb90e0 Exception <a 'java/lang/NoSuchMethodError'{0x00000000ebb99b08}: 'java.lang.Object java.lang.invoke.DirectMethodHandle$Holder.invokeSpecial(java.lang.Object, java.lang.Object, java.lang.Object, java.lang.Object, java.lang.Object, java.lang.Object, java.lang.Object, java.lang.Object, java.lang.Object)'> (0x00000000ebb99b08) 
thrown [s\src\hotspot\share\interpreter\linkResolver.cpp, line 759]
Event: 7.777 Thread 0x000001dd97eb9b00 Exception <a 'java/lang/NoSuchMethodError'{0x00000000ebb96b60}: 'java.lang.Object java.lang.invoke.DirectMethodHandle$Holder.invokeSpecial(java.lang.Object, java.lang.Object, java.lang.Object, java.lang.Object, java.lang.Object, java.lang.Object, java.lang.Object, java.lang.Object, java.lang.Object)'> (0x00000000ebb96b60) 
thrown [s\src\hotspot\share\interpreter\linkResolver.cpp, line 759]
Event: 7.778 Thread 0x000001dd97eb90e0 Exception <a 'java/lang/NoSuchMethodError'{0x00000000ebba3718}: 'java.lang.Object java.lang.invoke.Invokers$Holder.invoke_MT(java.lang.Object, java.lang.Object, java.lang.Object, java.lang.Object, java.lang.Object, java.lang.Object, java.lang.Object, java.lang.Object, java.lang.Object)'> (0x00000000ebba3718) 
thrown [s\src\hotspot\share\interpreter\linkResolver.cpp, line 759]
Event: 7.778 Thread 0x000001dd97eb9b00 Exception <a 'java/lang/NoSuchMethodError'{0x00000000ebba1810}: 'java.lang.Object java.lang.invoke.Invokers$Holder.invoke_MT(java.lang.Object, java.lang.Object, java.lang.Object, java.lang.Object, java.lang.Object, java.lang.Object, java.lang.Object, java.lang.Object, java.lang.Object)'> (0x00000000ebba1810) 
thrown [s\src\hotspot\share\interpreter\linkResolver.cpp, line 759]
Event: 7.786 Thread 0x000001dd97eb90e0 Exception <a 'java/lang/NoSuchMethodError'{0x00000000ebc0d820}: 'int java.lang.invoke.DirectMethodHandle$Holder.invokeVirtual(java.lang.Object, java.lang.Object, java.lang.Object)'> (0x00000000ebc0d820) 
thrown [s\src\hotspot\share\interpreter\linkResolver.cpp, line 759]
Event: 7.786 Thread 0x000001dd97eb90e0 Exception <a 'java/lang/NoSuchMethodError'{0x00000000ebc11320}: 'int java.lang.invoke.DirectMethodHandle$Holder.invokeVirtual(java.lang.Object, java.lang.Object)'> (0x00000000ebc11320) 
thrown [s\src\hotspot\share\interpreter\linkResolver.cpp, line 759]
Event: 7.787 Thread 0x000001dd97eb90e0 Exception <a 'java/lang/NoSuchMethodError'{0x00000000ebc155b8}: 'int java.lang.invoke.DirectMethodHandle$Holder.invokeStaticInit(java.lang.Object, int, int)'> (0x00000000ebc155b8) 
thrown [s\src\hotspot\share\interpreter\linkResolver.cpp, line 759]
Event: 7.788 Thread 0x000001dd97eb90e0 Exception <a 'java/lang/NoSuchMethodError'{0x00000000ebc1d240}: 'int java.lang.invoke.DirectMethodHandle$Holder.invokeStaticInit(java.lang.Object, long, long)'> (0x00000000ebc1d240) 
thrown [s\src\hotspot\share\interpreter\linkResolver.cpp, line 759]
Event: 7.789 Thread 0x000001dd97eb90e0 Exception <a 'java/lang/NoSuchMethodError'{0x00000000ebc24338}: 'int java.lang.invoke.DirectMethodHandle$Holder.invokeStaticInit(java.lang.Object, float, float)'> (0x00000000ebc24338) 
thrown [s\src\hotspot\share\interpreter\linkResolver.cpp, line 759]
Event: 7.790 Thread 0x000001dd97eb90e0 Exception <a 'java/lang/NoSuchMethodError'{0x00000000ebc2b3e0}: 'int java.lang.invoke.DirectMethodHandle$Holder.invokeStaticInit(java.lang.Object, double, double)'> (0x00000000ebc2b3e0) 
thrown [s\src\hotspot\share\interpreter\linkResolver.cpp, line 759]
Event: 7.791 Thread 0x000001dd97eb90e0 Exception <a 'java/lang/NoSuchMethodError'{0x00000000ebc2fc48}: 'int java.lang.invoke.DirectMethodHandle$Holder.invokeStatic(java.lang.Object, long)'> (0x00000000ebc2fc48) 
thrown [s\src\hotspot\share\interpreter\linkResolver.cpp, line 759]
Event: 7.798 Thread 0x000001dd97eb90e0 Exception <a 'java/lang/NoSuchMethodError'{0x00000000ebc581d0}: 'int java.lang.invoke.Invokers$Holder.linkToTargetMethod(java.lang.Object, java.lang.Object)'> (0x00000000ebc581d0) 
thrown [s\src\hotspot\share\interpreter\linkResolver.cpp, line 759]
Event: 7.818 Thread 0x000001dd97eb9b00 Exception <a 'java/lang/NoSuchMethodError'{0x00000000ebc8f560}: 'int java.lang.invoke.DirectMethodHandle$Holder.invokeSpecial(java.lang.Object, java.lang.Object, java.lang.Object, java.lang.Object)'> (0x00000000ebc8f560) 
thrown [s\src\hotspot\share\interpreter\linkResolver.cpp, line 759]
Event: 7.826 Thread 0x000001dd97eb9b00 Exception <a 'java/lang/NoSuchMethodError'{0x00000000ebcd0a70}: 'java.lang.Object java.lang.invoke.DirectMethodHandle$Holder.invokeStatic(java.lang.Object, int, java.lang.Object, java.lang.Object)'> (0x00000000ebcd0a70) 
thrown [s\src\hotspot\share\interpreter\linkResolver.cpp, line 759]
Event: 7.826 Thread 0x000001dd97eb9b00 Exception <a 'java/lang/NoSuchMethodError'{0x00000000ebcd4788}: 'java.lang.Object java.lang.invoke.DelegatingMethodHandle$Holder.delegate(java.lang.Object, int, java.lang.Object, java.lang.Object)'> (0x00000000ebcd4788) 
thrown [s\src\hotspot\share\interpreter\linkResolver.cpp, line 759]
Event: 7.832 Thread 0x000001dd97eb9b00 Exception <a 'java/lang/NoSuchMethodError'{0x00000000ebcfe640}: 'int java.lang.invoke.Invokers$Holder.linkToTargetMethod(java.lang.Object, java.lang.Object, java.lang.Object)'> (0x00000000ebcfe640) 
thrown [s\src\hotspot\share\interpreter\linkResolver.cpp, line 759]
Event: 7.916 Thread 0x000001dd97eb90e0 Exception <a 'java/lang/NoSuchMethodError'{0x00000000ebe17768}: 'java.lang.Object java.lang.invoke.DirectMethodHandle$Holder.invokeSpecialIFC(java.lang.Object, java.lang.Object, java.lang.Object, java.lang.Object)'> (0x00000000ebe17768) 
thrown [s\src\hotspot\share\interpreter\linkResolver.cpp, line 759]
Event: 8.010 Thread 0x000001dd97e17e80 Exception <a 'java/lang/NoSuchMethodError'{0x00000000ec0757e8}: 'java.lang.Object java.lang.invoke.DirectMethodHandle$Holder.invokeStaticInit(java.lang.Object, java.lang.Object, int, int, int, int)'> (0x00000000ec0757e8) 
thrown [s\src\hotspot\share\interpreter\linkResolver.cpp, line 759]
Event: 8.197 Thread 0x000001dd97e17e80 Exception <a 'java/lang/ClassNotFoundException'{0x00000000eae7dac8}: com/sun/org/apache/xml/internal/serializer/spi/XMLEntitiesProvider> (0x00000000eae7dac8) 
thrown [s\src\hotspot\share\classfile\systemDictionary.cpp, line 256]
Event: 8.381 Thread 0x000001dd97e17e80 Exception <a 'java/io/FileNotFoundException'{0x00000000eb4397d0}> (0x00000000eb4397d0) 
thrown [s\src\hotspot\share\prims\jni.cpp, line 516]

VM Operations (20 events):
Event: 7.700 Executing VM operation: HandshakeAllThreads
Event: 7.701 Executing VM operation: HandshakeAllThreads done
Event: 7.806 Executing VM operation: HandshakeAllThreads
Event: 7.817 Executing VM operation: HandshakeAllThreads done
Event: 7.825 Executing VM operation: HandshakeAllThreads
Event: 7.825 Executing VM operation: HandshakeAllThreads done
Event: 7.993 Executing VM operation: HandshakeAllThreads
Event: 7.993 Executing VM operation: HandshakeAllThreads done
Event: 8.030 Executing VM operation: ParallelGCFailedAllocation
Event: 8.037 Executing VM operation: ParallelGCFailedAllocation done
Event: 8.051 Executing VM operation: CollectForMetadataAllocation
Event: 8.118 Executing VM operation: CollectForMetadataAllocation done
Event: 8.135 Executing VM operation: HandshakeAllThreads
Event: 8.135 Executing VM operation: HandshakeAllThreads done
Event: 8.195 Executing VM operation: HandshakeAllThreads
Event: 8.195 Executing VM operation: HandshakeAllThreads done
Event: 8.200 Executing VM operation: HandshakeAllThreads
Event: 8.200 Executing VM operation: HandshakeAllThreads done
Event: 8.263 Executing VM operation: HandshakeAllThreads
Event: 8.263 Executing VM operation: HandshakeAllThreads done

Events (20 events):
Event: 8.502 loading class sun/reflect/generics/tree/ClassSignature
Event: 8.502 loading class sun/reflect/generics/tree/Signature
Event: 8.502 loading class sun/reflect/generics/tree/Signature done
Event: 8.502 loading class sun/reflect/generics/tree/ClassSignature done
Event: 8.502 loading class sun/reflect/annotation/TypeAnnotation$TypeAnnotationTarget
Event: 8.502 loading class sun/reflect/annotation/TypeAnnotation$TypeAnnotationTarget done
Event: 8.502 loading class sun/reflect/annotation/TypeAnnotation$LocationInfo
Event: 8.503 loading class sun/reflect/annotation/TypeAnnotation$LocationInfo done
Event: 8.503 loading class sun/reflect/annotation/TypeAnnotation$LocationInfo$Location
Event: 8.503 loading class sun/reflect/annotation/TypeAnnotation$LocationInfo$Location done
Event: 8.503 loading class sun/reflect/annotation/AnnotatedTypeFactory
Event: 8.503 loading class sun/reflect/annotation/AnnotatedTypeFactory done
Event: 8.503 loading class sun/reflect/annotation/AnnotatedTypeFactory$AnnotatedTypeBaseImpl
Event: 8.509 loading class sun/reflect/annotation/AnnotatedTypeFactory$AnnotatedTypeBaseImpl done
Event: 8.509 loading class java/util/stream/Streams$ConcatSpliterator$OfRef
Event: 8.512 loading class java/util/stream/Streams$ConcatSpliterator
Event: 8.513 loading class java/util/stream/Streams$ConcatSpliterator done
Event: 8.513 loading class java/util/stream/Streams$ConcatSpliterator$OfRef done
Event: 8.513 loading class java/util/stream/Streams$2
Event: 8.513 loading class java/util/stream/Streams$2 done


Dynamic libraries:
0x00007ff7b9680000 - 0x00007ff7b968e000 	c:\Users\Dell\.vscode\extensions\redhat.java-1.32.0-win32-x64\jre\17.0.11-win32-x86_64\bin\java.exe
0x00007ff90f6c0000 - 0x00007ff90f8c9000 	C:\Windows\SYSTEM32\ntdll.dll
0x00007ff90ea30000 - 0x00007ff90eaed000 	C:\Windows\System32\KERNEL32.DLL
0x00007ff90d050000 - 0x00007ff90d3d4000 	C:\Windows\System32\KERNELBASE.dll
0x00007ff90cbf0000 - 0x00007ff90cd01000 	C:\Windows\System32\ucrtbase.dll
0x00007ff904930000 - 0x00007ff904947000 	c:\Users\Dell\.vscode\extensions\redhat.java-1.32.0-win32-x64\jre\17.0.11-win32-x86_64\bin\jli.dll
0x00007ff904910000 - 0x00007ff90492b000 	c:\Users\Dell\.vscode\extensions\redhat.java-1.32.0-win32-x64\jre\17.0.11-win32-x86_64\bin\VCRUNTIME140.dll
0x00007ff90e790000 - 0x00007ff90e93d000 	C:\Windows\System32\USER32.dll
0x00007ff8ea0d0000 - 0x00007ff8ea375000 	C:\Windows\WinSxS\amd64_microsoft.windows.common-controls_6595b64144ccf1df_6.0.22000.120_none_9d947278b86cc467\COMCTL32.dll
0x00007ff90d910000 - 0x00007ff90d9b3000 	C:\Windows\System32\msvcrt.dll
0x00007ff90d600000 - 0x00007ff90d62a000 	C:\Windows\System32\GDI32.dll
0x00007ff90d020000 - 0x00007ff90d046000 	C:\Windows\System32\win32u.dll
0x00007ff90cd10000 - 0x00007ff90ce2e000 	C:\Windows\System32\gdi32full.dll
0x00007ff90cb50000 - 0x00007ff90cbed000 	C:\Windows\System32\msvcp_win.dll
0x00007ff90da60000 - 0x00007ff90da91000 	C:\Windows\System32\IMM32.DLL
0x00007ff908770000 - 0x00007ff90877c000 	c:\Users\Dell\.vscode\extensions\redhat.java-1.32.0-win32-x64\jre\17.0.11-win32-x86_64\bin\vcruntime140_1.dll
0x00007ff8faea0000 - 0x00007ff8faf2d000 	c:\Users\Dell\.vscode\extensions\redhat.java-1.32.0-win32-x64\jre\17.0.11-win32-x86_64\bin\msvcp140.dll
0x00007ff8c9a40000 - 0x00007ff8ca6a2000 	c:\Users\Dell\.vscode\extensions\redhat.java-1.32.0-win32-x64\jre\17.0.11-win32-x86_64\bin\server\jvm.dll
0x00007ff90df10000 - 0x00007ff90dfbe000 	C:\Windows\System32\ADVAPI32.dll
0x00007ff90d9c0000 - 0x00007ff90da5e000 	C:\Windows\System32\sechost.dll
0x00007ff90ec60000 - 0x00007ff90ed81000 	C:\Windows\System32\RPCRT4.dll
0x00007ff90b8e0000 - 0x00007ff90b92d000 	C:\Windows\SYSTEM32\POWRPROF.dll
0x00007ff9075d0000 - 0x00007ff9075d9000 	C:\Windows\SYSTEM32\WSOCK32.dll
0x00007ff90ebf0000 - 0x00007ff90ec5f000 	C:\Windows\System32\WS2_32.dll
0x00007ff906e20000 - 0x00007ff906e53000 	C:\Windows\SYSTEM32\WINMM.dll
0x00007ff907150000 - 0x00007ff90715a000 	C:\Windows\SYSTEM32\VERSION.dll
0x00007ff90b7d0000 - 0x00007ff90b7e3000 	C:\Windows\SYSTEM32\UMPDC.dll
0x00007ff90bcb0000 - 0x00007ff90bcc8000 	C:\Windows\SYSTEM32\kernel.appcore.dll
0x00007ff9072e0000 - 0x00007ff9072ea000 	c:\Users\Dell\.vscode\extensions\redhat.java-1.32.0-win32-x64\jre\17.0.11-win32-x86_64\bin\jimage.dll
0x00007ff906f20000 - 0x00007ff907141000 	C:\Windows\SYSTEM32\DBGHELP.DLL
0x00007ff904c40000 - 0x00007ff904c71000 	C:\Windows\SYSTEM32\dbgcore.DLL
0x00007ff90ce30000 - 0x00007ff90ceaf000 	C:\Windows\System32\bcryptPrimitives.dll
0x00007ff9045c0000 - 0x00007ff9045ce000 	c:\Users\Dell\.vscode\extensions\redhat.java-1.32.0-win32-x64\jre\17.0.11-win32-x86_64\bin\instrument.dll
0x00007ff901330000 - 0x00007ff901355000 	c:\Users\Dell\.vscode\extensions\redhat.java-1.32.0-win32-x64\jre\17.0.11-win32-x86_64\bin\java.dll
0x00007ff9045a0000 - 0x00007ff9045b8000 	c:\Users\Dell\.vscode\extensions\redhat.java-1.32.0-win32-x64\jre\17.0.11-win32-x86_64\bin\zip.dll
0x00007ff90dfc0000 - 0x00007ff90e785000 	C:\Windows\System32\SHELL32.dll
0x00007ff90ac20000 - 0x00007ff90b482000 	C:\Windows\SYSTEM32\windows.storage.dll
0x00007ff90daa0000 - 0x00007ff90de16000 	C:\Windows\System32\combase.dll
0x00007ff90aab0000 - 0x00007ff90ac17000 	C:\Windows\SYSTEM32\wintypes.dll
0x00007ff90de20000 - 0x00007ff90df0a000 	C:\Windows\System32\SHCORE.dll
0x00007ff90d5a0000 - 0x00007ff90d5fd000 	C:\Windows\System32\shlwapi.dll
0x00007ff90ca80000 - 0x00007ff90caa5000 	C:\Windows\SYSTEM32\profapi.dll
0x00007ff904530000 - 0x00007ff904549000 	C:\Users\Dell\.vscode\extensions\redhat.java-1.32.0-win32-x64\jre\17.0.11-win32-x86_64\bin\net.dll
0x00007ff906800000 - 0x00007ff906914000 	C:\Windows\SYSTEM32\WINHTTP.dll
0x00007ff90c160000 - 0x00007ff90c1c7000 	C:\Windows\system32\mswsock.dll
0x00007ff901270000 - 0x00007ff901286000 	C:\Users\Dell\.vscode\extensions\redhat.java-1.32.0-win32-x64\jre\17.0.11-win32-x86_64\bin\nio.dll
0x00007ff902cb0000 - 0x00007ff902cc0000 	c:\Users\Dell\.vscode\extensions\redhat.java-1.32.0-win32-x64\jre\17.0.11-win32-x86_64\bin\verify.dll
0x00007ff9006a0000 - 0x00007ff9006e4000 	C:\Users\Dell\AppData\Roaming\Code\User\globalStorage\redhat.java\1.32.0\config_win\org.eclipse.equinox.launcher\org.eclipse.equinox.launcher.win32.win32.x86_64_1.2.1100.v20240613-2013\eclipse_11903.dll
0x00007ff90d6c0000 - 0x00007ff90d85a000 	C:\Windows\System32\ole32.dll
0x00007ff90c3a0000 - 0x00007ff90c3b8000 	C:\Windows\SYSTEM32\CRYPTSP.dll
0x00007ff90bc10000 - 0x00007ff90bc45000 	C:\Windows\system32\rsaenh.dll
0x00007ff90c250000 - 0x00007ff90c27c000 	C:\Windows\SYSTEM32\USERENV.dll
0x00007ff90c520000 - 0x00007ff90c547000 	C:\Windows\SYSTEM32\bcrypt.dll
0x00007ff90c3c0000 - 0x00007ff90c3cc000 	C:\Windows\SYSTEM32\CRYPTBASE.dll
0x00007ff90b760000 - 0x00007ff90b78d000 	C:\Windows\SYSTEM32\IPHLPAPI.DLL
0x00007ff90efd0000 - 0x00007ff90efd9000 	C:\Windows\System32\NSI.dll
0x00007ff905bd0000 - 0x00007ff905be9000 	C:\Windows\SYSTEM32\dhcpcsvc6.DLL
0x00007ff907840000 - 0x00007ff90785e000 	C:\Windows\SYSTEM32\dhcpcsvc.DLL
0x00007ff90b7f0000 - 0x00007ff90b8d7000 	C:\Windows\SYSTEM32\DNSAPI.dll
0x00007ff8fb9f0000 - 0x00007ff8fba35000 	C:\Users\Dell\AppData\Local\Temp\jna-2126305\jna13175058630054457646.dll
0x00007ff90ed90000 - 0x00007ff90ed98000 	C:\Windows\System32\PSAPI.DLL

dbghelp: loaded successfully - version: 4.0.5 - missing functions: none
symbol engine: initialized successfully - sym options: 0x614 - pdb path: .;c:\Users\Dell\.vscode\extensions\redhat.java-1.32.0-win32-x64\jre\17.0.11-win32-x86_64\bin;C:\Windows\SYSTEM32;C:\Windows\WinSxS\amd64_microsoft.windows.common-controls_6595b64144ccf1df_6.0.22000.120_none_9d947278b86cc467;c:\Users\Dell\.vscode\extensions\redhat.java-1.32.0-win32-x64\jre\17.0.11-win32-x86_64\bin\server;C:\Users\Dell\AppData\Roaming\Code\User\globalStorage\redhat.java\1.32.0\config_win\org.eclipse.equinox.launcher\org.eclipse.equinox.launcher.win32.win32.x86_64_1.2.1100.v20240613-2013;C:\Users\Dell\AppData\Local\Temp\jna-2126305

VM Arguments:
jvm_args: --add-modules=ALL-SYSTEM --add-opens=java.base/java.util=ALL-UNNAMED --add-opens=java.base/java.lang=ALL-UNNAMED --add-opens=java.base/sun.nio.fs=ALL-UNNAMED -Declipse.application=org.eclipse.jdt.ls.core.id1 -Dosgi.bundles.defaultStartLevel=4 -Declipse.product=org.eclipse.jdt.ls.core.product -Djava.import.generatesMetadataFilesAtProjectRoot=false -DDetectVMInstallationsJob.disabled=true -Dfile.encoding=utf8 -XX:+UseParallelGC -XX:GCTimeRatio=4 -XX:AdaptiveSizePolicyWeight=90 -Dsun.zip.disableMemoryMapping=true -Xmx1G -Xms100m -Xlog:disable -javaagent:c:\Users\Dell\.vscode\extensions\redhat.java-1.32.0-win32-x64\lombok\lombok-1.18.33.jar -XX:+HeapDumpOnOutOfMemoryError -XX:HeapDumpPath=c:\Users\Dell\AppData\Roaming\Code\User\workspaceStorage\8372c2be514e866eea72c55571d25e5b\redhat.java -Daether.dependencyCollector.impl=bf 
java_command: c:\Users\Dell\.vscode\extensions\redhat.java-1.32.0-win32-x64\server\plugins\org.eclipse.equinox.launcher_1.6.900.v20240613-2009.jar -configuration c:\Users\Dell\AppData\Roaming\Code\User\globalStorage\redhat.java\1.32.0\config_win -data c:\Users\Dell\AppData\Roaming\Code\User\workspaceStorage\8372c2be514e866eea72c55571d25e5b\redhat.java\jdt_ws --pipe=\\.\pipe\lsp-394bda51db40bc8a85e3e53e8cdca0f0-sock
java_class_path (initial): c:\Users\Dell\.vscode\extensions\redhat.java-1.32.0-win32-x64\server\plugins\org.eclipse.equinox.launcher_1.6.900.v20240613-2009.jar
Launcher Type: SUN_STANDARD

[Global flags]
    uintx AdaptiveSizePolicyWeight                 = 90                                        {product} {command line}
     intx CICompilerCount                          = 4                                         {product} {ergonomic}
    uintx GCTimeRatio                              = 4                                         {product} {command line}
     bool HeapDumpOnOutOfMemoryError               = true                                   {manageable} {command line}
    ccstr HeapDumpPath                             = c:\Users\Dell\AppData\Roaming\Code\User\workspaceStorage\8372c2be514e866eea72c55571d25e5b\redhat.java         {manageable} {command line}
   size_t InitialHeapSize                          = 104857600                                 {product} {command line}
   size_t MaxHeapSize                              = 1073741824                                {product} {command line}
   size_t MaxNewSize                               = 357564416                                 {product} {ergonomic}
   size_t MinHeapDeltaBytes                        = 524288                                    {product} {ergonomic}
   size_t MinHeapSize                              = 104857600                                 {product} {command line}
   size_t NewSize                                  = 34603008                                  {product} {ergonomic}
    uintx NonNMethodCodeHeapSize                   = 5839372                                {pd product} {ergonomic}
    uintx NonProfiledCodeHeapSize                  = 122909434                              {pd product} {ergonomic}
   size_t OldSize                                  = 70254592                                  {product} {ergonomic}
    uintx ProfiledCodeHeapSize                     = 122909434                              {pd product} {ergonomic}
    uintx ReservedCodeCacheSize                    = 251658240                              {pd product} {ergonomic}
     bool SegmentedCodeCache                       = true                                      {product} {ergonomic}
   size_t SoftMaxHeapSize                          = 1073741824                             {manageable} {ergonomic}
     bool UseCompressedClassPointers               = true                           {product lp64_product} {ergonomic}
     bool UseCompressedOops                        = true                           {product lp64_product} {ergonomic}
     bool UseLargePagesIndividualAllocation        = false                                  {pd product} {ergonomic}
     bool UseParallelGC                            = true                                      {product} {command line}

Logging:
Log output configuration:
 #0: stdout all=off uptime,level,tags
 #1: stderr all=off uptime,level,tags

Environment Variables:
PATH=C:\Program Files\Eclipse Adoptium\jdk-21.0.3.9-hotspot\bin;C:\Program Files\Common Files\Oracle\Java\javapath;C:\Program Files\AdoptOpenJDK\jre-11.0.7.10-hotspot\bin;C:\Windows\system32;C:\Windows;C:\Windows\System32\Wbem;C:\Windows\System32\WindowsPowerShell\v1.0\;C:\Windows\System32\OpenSSH\;C:\Program Files\Java\jdk-21\bin;C:\Users\Dell\AppData\Local\Programs\Python\Python312\Scripts\;C:\Users\Dell\AppData\Local\Programs\Python\Python312\;C:\Users\Dell\AppData\Local\Microsoft\WindowsApps;;C:\Users\Dell\AppData\Local\Programs\Microsoft VS Code\bin
USERNAME=Dell
OS=Windows_NT
PROCESSOR_IDENTIFIER=Intel64 Family 6 Model 142 Stepping 12, GenuineIntel
TMP=C:\Users\Dell\AppData\Local\Temp
TEMP=C:\Users\Dell\AppData\Local\Temp



Periodic native trim disabled


---------------  S Y S T E M  ---------------

OS:
 Windows 11 , 64 bit Build 22000 (10.0.22000.2538)
OS uptime: 6 days 17:46 hours

CPU: total 8 (initial active 8) (4 cores per cpu, 2 threads per core) family 6 model 142 stepping 12 microcode 0xde, cx8, cmov, fxsr, ht, mmx, 3dnowpref, sse, sse2, sse3, ssse3, sse4.1, sse4.2, popcnt, lzcnt, tsc, tscinvbit, avx, avx2, aes, erms, clmul, bmi1, bmi2, adx, fma, vzeroupper, clflush, clflushopt
Processor Information for all 8 processors :
  Max Mhz: 1800, Current Mhz: 1600, Mhz Limit: 1584

Memory: 4k page, system-wide physical 8064M (510M free)
TotalPageFile size 10112M (AvailPageFile size 15M)
current process WorkingSet (physical memory assigned to process): 167M, peak: 167M
current process commit charge ("private bytes"): 262M, peak: 262M

vm_info: OpenJDK 64-Bit Server VM (17.0.11+9) for windows-amd64 JRE (17.0.11+9), built on Apr 17 2024 06:07:48 by "admin" with MS VC++ 16.10 / 16.11 (VS2019)

END.
